2023-04-25 22:00:33,684 INFO autoreload Watching for file changes with StatReloader
2023-04-25 22:00:37,098 INFO basehttp "GET /news/ HTTP/1.1" 200 4568
2023-04-25 22:01:11,666 INFO autoreload /home/anastasia/PycharmProjects/NewsPortal/Project/Project/settings.py changed, reloading.
2023-04-25 22:01:12,170 INFO autoreload Watching for file changes with StatReloader
2023-04-25 22:01:15,993 INFO basehttp "GET /news/ HTTP/1.1" 200 4568
2023-04-25 22:06:52,262 INFO autoreload /home/anastasia/PycharmProjects/NewsPortal/Project/Project/settings.py changed, reloading.
2023-04-25 22:06:52,888 INFO autoreload Watching for file changes with StatReloader
2023-04-25 22:11:18,055 INFO autoreload /home/anastasia/PycharmProjects/NewsPortal/Project/news/views.py changed, reloading.
2023-04-25 22:11:18,558 INFO autoreload Watching for file changes with StatReloader
2023-04-25 22:11:40,015 INFO autoreload /home/anastasia/PycharmProjects/NewsPortal/Project/news/views.py changed, reloading.
2023-04-25 22:11:40,598 INFO autoreload Watching for file changes with StatReloader
2023-04-25 22:11:49,958 INFO autoreload /home/anastasia/PycharmProjects/NewsPortal/Project/news/views.py changed, reloading.
2023-04-25 22:11:50,445 INFO autoreload Watching for file changes with StatReloader
2023-04-25 22:11:56,373 ERROR basehttp "GET /news/ HTTP/1.1" 500 93631
2023-04-25 22:12:34,649 INFO autoreload /home/anastasia/PycharmProjects/NewsPortal/Project/news/views.py changed, reloading.
2023-04-25 22:12:35,274 INFO autoreload Watching for file changes with StatReloader
2023-04-25 22:12:55,997 INFO autoreload /home/anastasia/PycharmProjects/NewsPortal/Project/news/views.py changed, reloading.
2023-04-25 22:12:56,507 INFO autoreload Watching for file changes with StatReloader
2023-04-25 22:13:01,575 INFO basehttp "GET /news/ HTTP/1.1" 200 4568
2023-04-25 22:13:04,471 ERROR basehttp "GET /news/32 HTTP/1.1" 500 91286
2023-04-25 22:13:20,459 INFO autoreload /home/anastasia/PycharmProjects/NewsPortal/Project/news/views.py changed, reloading.
2023-04-25 22:13:20,971 INFO autoreload Watching for file changes with StatReloader
2023-04-25 22:13:39,626 INFO autoreload /home/anastasia/PycharmProjects/NewsPortal/Project/news/views.py changed, reloading.
2023-04-25 22:13:40,116 INFO autoreload Watching for file changes with StatReloader
2023-04-25 22:13:44,951 INFO basehttp "GET /accounts/login/ HTTP/1.1" 200 2108
2023-04-25 22:14:01,486 INFO basehttp "GET /admin/ HTTP/1.1" 302 0
2023-04-25 22:14:01,501 INFO basehttp "GET /admin/login/?next=/admin/ HTTP/1.1" 200 4181
2023-04-25 22:14:01,560 INFO basehttp "GET /static/admin/css/dark_mode.css HTTP/1.1" 304 0
2023-04-25 22:14:01,560 INFO basehttp "GET /static/admin/css/base.css HTTP/1.1" 304 0
2023-04-25 22:14:01,562 INFO basehttp "GET /static/admin/css/nav_sidebar.css HTTP/1.1" 304 0
2023-04-25 22:14:01,564 INFO basehttp "GET /static/admin/css/login.css HTTP/1.1" 304 0
2023-04-25 22:14:01,565 INFO basehttp "GET /static/admin/css/responsive.css HTTP/1.1" 304 0
2023-04-25 22:14:01,571 INFO basehttp "GET /static/admin/js/theme.js HTTP/1.1" 304 0
2023-04-25 22:14:01,572 INFO basehttp "GET /static/admin/js/nav_sidebar.js HTTP/1.1" 304 0
2023-04-25 22:14:06,836 INFO basehttp "POST /admin/login/?next=/admin/ HTTP/1.1" 302 0
2023-04-25 22:14:06,857 INFO basehttp "GET /admin/ HTTP/1.1" 200 15920
2023-04-25 22:14:06,917 INFO basehttp "GET /static/admin/css/dashboard.css HTTP/1.1" 304 0
2023-04-25 22:14:06,969 INFO basehttp "GET /static/admin/img/icon-changelink.svg HTTP/1.1" 304 0
2023-04-25 22:14:06,969 INFO basehttp "GET /static/admin/img/icon-addlink.svg HTTP/1.1" 304 0
2023-04-25 22:14:06,971 INFO basehttp "GET /static/admin/img/icon-deletelink.svg HTTP/1.1" 304 0
2023-04-25 22:14:11,912 INFO basehttp "GET /news/ HTTP/1.1" 200 5666
2023-04-25 22:14:14,550 INFO basehttp "GET /news/32/update/ HTTP/1.1" 200 4148
2023-04-25 22:14:23,139 INFO basehttp "POST /news/32/update/ HTTP/1.1" 302 0
2023-04-25 22:14:23,150 INFO basehttp "GET /news/32 HTTP/1.1" 200 2809
2023-04-25 22:14:40,916 INFO autoreload /home/anastasia/PycharmProjects/NewsPortal/Project/news/views.py changed, reloading.
2023-04-25 22:14:41,472 INFO autoreload Watching for file changes with StatReloader
2023-04-25 22:14:49,931 INFO basehttp "GET /news/ HTTP/1.1" 200 5664
2023-04-25 22:14:56,989 INFO autoreload /home/anastasia/PycharmProjects/NewsPortal/Project/news/views.py changed, reloading.
2023-04-25 22:14:57,481 INFO autoreload Watching for file changes with StatReloader
2023-04-25 22:15:01,622 ERROR basehttp "GET /news/32/update/ HTTP/1.1" 500 91233
2023-04-25 22:15:19,230 INFO autoreload /home/anastasia/PycharmProjects/NewsPortal/Project/news/views.py changed, reloading.
2023-04-25 22:15:19,779 INFO autoreload Watching for file changes with StatReloader
2023-04-25 22:15:22,437 INFO basehttp "GET /news/32/update/ HTTP/1.1" 200 4146
2023-04-25 22:15:28,632 INFO basehttp "POST /news/32/update/ HTTP/1.1" 302 0
2023-04-25 22:15:28,641 INFO basehttp "GET /news/32 HTTP/1.1" 200 2811
2023-04-25 22:15:31,535 INFO basehttp "GET /news/ HTTP/1.1" 200 5666
2023-04-25 22:21:01,580 INFO autoreload /home/anastasia/PycharmProjects/NewsPortal/Project/Project/settings.py changed, reloading.
2023-04-25 22:21:02,102 INFO autoreload Watching for file changes with StatReloader
2023-04-25 22:21:09,848 WARNING basehttp "GET /news/ HTTP/1.1" 400 80660
2023-04-25 22:22:37,469 INFO autoreload /home/anastasia/PycharmProjects/NewsPortal/Project/Project/settings.py changed, reloading.
2023-04-25 22:22:37,962 INFO autoreload Watching for file changes with StatReloader
2023-04-25 22:53:33,246 INFO autoreload Watching for file changes with StatReloader
2023-04-25 22:54:03,013 INFO autoreload /home/anastasia/PycharmProjects/NewsPortal/Project/news/views.py changed, reloading.
2023-04-25 22:54:03,519 INFO autoreload Watching for file changes with StatReloader
2023-04-25 22:54:07,038 ERROR basehttp "GET /news/ HTTP/1.1" 500 93260
2023-04-25 22:54:26,187 INFO autoreload /home/anastasia/PycharmProjects/NewsPortal/Project/news/views.py changed, reloading.
2023-04-25 22:54:26,761 INFO autoreload Watching for file changes with StatReloader
2023-04-25 22:55:13,928 INFO autoreload /home/anastasia/PycharmProjects/NewsPortal/Project/Project/settings.py changed, reloading.
2023-04-25 22:55:14,441 INFO autoreload Watching for file changes with StatReloader
2023-04-25 22:55:16,845 WARNING basehttp "GET /news/ HTTP/1.1" 400 80506
2023-04-25 22:56:33,360 INFO autoreload /home/anastasia/PycharmProjects/NewsPortal/Project/Project/settings.py changed, reloading.
2023-04-25 22:56:33,839 INFO autoreload Watching for file changes with StatReloader
2023-04-25 22:56:43,944 INFO basehttp "GET /news/ HTTP/1.1" 200 5666
